<?xml version="1.0" encoding="UTF-8"?>
<!-- Generated by org.testng.reporters.JUnitReportReporter -->
<testsuite skipped="0" hostname="Valentino-PC" name="Pruebas.Compra" tests="1" failures="0" timestamp="2021-11-15T10:59:47 ART" time="29.977" errors="0">
  <testcase name="busqueda" time="29.977" classname="Pruebas.Compra"/>
  <system-out/>
</testsuite> <!-- Pruebas.Compra -->
